{
  "stats": {
    "suites": 20,
    "tests": 34,
    "passes": 33,
    "pending": 0,
    "failures": 0,
    "start": "2022-11-28T22:29:07.987Z",
    "end": "2022-11-28T22:34:27.929Z",
    "duration": 145554,
    "testsRegistered": 34,
    "passPercent": 97.05882352941177,
    "pendingPercent": 0,
    "other": 0,
    "hasOther": false,
    "skipped": 1,
    "hasSkipped": true
  },
  "results": [
    {
      "uuid": "385c6cce-dd14-4724-a622-29880cbeab20",
      "title": "",
      "fullFile": "cypress\\e2e\\other\\same-origin-policy.js",
      "file": "cypress\\e2e\\other\\same-origin-policy.js",
      "beforeHooks": [],
      "afterHooks": [],
      "tests": [],
      "suites": [
        {
          "uuid": "1e06d211-b143-4051-a875-e4a966440239",
          "title": "Cypress web security",
          "fullFile": "",
          "file": "",
          "beforeHooks": [],
          "afterHooks": [],
          "tests": [
            {
              "title": "Validate visiting two different domains",
              "fullTitle": "Cypress web security Validate visiting two different domains",
              "timedOut": null,
              "duration": 0,
              "state": "pending",
              "speed": null,
              "pass": false,
              "fail": false,
              "pending": false,
              "context": null,
              "code": "cy.visit('http://www.webdriveruniversity.com/');\ncy.visit('https://www.google.com');",
              "err": {},
              "uuid": "294fe55e-0985-4528-8a17-5a0259152f06",
              "parentUUID": "1e06d211-b143-4051-a875-e4a966440239",
              "isHook": false,
              "skipped": true
            },
            {
              "title": "Validate visiting two different domains via user actions",
              "fullTitle": "Cypress web security Validate visiting two different domains via user actions",
              "timedOut": null,
              "duration": 12059,
              "state": "passed",
              "speed": "slow",
              "pass": true,
              "fail": false,
              "pending": false,
              "context": null,
              "code": "cy.visit('http://www.webdriveruniversity.com/');\ncy.get('#automation-test-store').invoke('removeAttr', 'target').click();",
              "err": {},
              "uuid": "f336b74d-8942-4ea1-872b-d09874107b53",
              "parentUUID": "1e06d211-b143-4051-a875-e4a966440239",
              "isHook": false,
              "skipped": false
            },
            {
              "title": "Origin command",
              "fullTitle": "Cypress web security Origin command",
              "timedOut": null,
              "duration": 4937,
              "state": "passed",
              "speed": "fast",
              "pass": true,
              "fail": false,
              "pending": false,
              "context": null,
              "code": "// cy.origin('webdriveruniversity.com', () => {\n//     cy.visit(\"/\");\n// })\n// cy.origin('automationteststore.com', () => {\n//     cy.visit(\"/\");\n// })\n//Same Origin Example:\ncy.visit(\"https://www.webdriveruniversity.com\");\ncy.visit(\"https://selectors.webdriveruniversity.com\");",
              "err": {},
              "uuid": "c10196af-a0d0-4abd-8097-84e9c1d96404",
              "parentUUID": "1e06d211-b143-4051-a875-e4a966440239",
              "isHook": false,
              "skipped": false
            }
          ],
          "suites": [],
          "passes": [
            "f336b74d-8942-4ea1-872b-d09874107b53",
            "c10196af-a0d0-4abd-8097-84e9c1d96404"
          ],
          "failures": [],
          "pending": [],
          "skipped": [
            "294fe55e-0985-4528-8a17-5a0259152f06"
          ],
          "duration": 16996,
          "root": false,
          "rootEmpty": false,
          "_timeout": 2000
        }
      ],
      "passes": [],
      "failures": [],
      "pending": [],
      "skipped": [],
      "duration": 0,
      "root": true,
      "rootEmpty": true,
      "_timeout": 2000
    },
    {
      "uuid": "c0905c59-f72a-4781-9ba4-a869428a0adb",
      "title": "",
      "fullFile": "cypress\\e2e\\1-getting-started\\todo.cy.js",
      "file": "cypress\\e2e\\1-getting-started\\todo.cy.js",
      "beforeHooks": [],
      "afterHooks": [],
      "tests": [],
      "suites": [
        {
          "uuid": "8e3b9757-4c00-470e-a5f0-98ef6beb22b9",
          "title": "example to-do app",
          "fullFile": "",
          "file": "",
          "beforeHooks": [],
          "afterHooks": [],
          "tests": [
            {
              "title": "displays two todo items by default",
              "fullTitle": "example to-do app displays two todo items by default",
              "timedOut": null,
              "duration": 624,
              "state": "passed",
              "speed": "fast",
              "pass": true,
              "fail": false,
              "pending": false,
              "context": null,
              "code": "// We use the `cy.get()` command to get all elements that match the selector.\n// Then, we use `should` to assert that there are two matched items,\n// which are the two default items.\ncy.get('.todo-list li').should('have.length', 2); // We can go even further and check that the default todos each contain\n// the correct text. We use the `first` and `last` functions\n// to get just the first and last matched elements individually,\n// and then perform an assertion with `should`.\ncy.get('.todo-list li').first().should('have.text', 'Pay electric bill');\ncy.get('.todo-list li').last().should('have.text', 'Walk the dog');",
              "err": {},
              "uuid": "da5636ea-b0a9-4023-a06d-4c60cd65530f",
              "parentUUID": "8e3b9757-4c00-470e-a5f0-98ef6beb22b9",
              "isHook": false,
              "skipped": false
            },
            {
              "title": "can add new todo items",
              "fullTitle": "example to-do app can add new todo items",
              "timedOut": null,
              "duration": 669,
              "state": "passed",
              "speed": "fast",
              "pass": true,
              "fail": false,
              "pending": false,
              "context": null,
              "code": "// We'll store our item text in a variable so we can reuse it\nconst newItem = 'Feed the cat'; // Let's get the input element and use the `type` command to\n// input our new list item. After typing the content of our item,\n// we need to type the enter key as well in order to submit the input.\n// This input has a data-test attribute so we'll use that to select the\n// element in accordance with best practices:\n// https://on.cypress.io/selecting-elements\ncy.get('[data-test=new-todo]').type(`${newItem}{enter}`); // Now that we've typed our new item, let's check that it actually was added to the list.\n// Since it's the newest item, it should exist as the last element in the list.\n// In addition, with the two default items, we should have a total of 3 elements in the list.\n// Since assertions yield the element that was asserted on,\n// we can chain both of these assertions together into a single statement.\ncy.get('.todo-list li').should('have.length', 3).last().should('have.text', newItem);",
              "err": {},
              "uuid": "c11a87d5-6b07-4493-9a3b-ddc601d1c8d2",
              "parentUUID": "8e3b9757-4c00-470e-a5f0-98ef6beb22b9",
              "isHook": false,
              "skipped": false
            },
            {
              "title": "can check off an item as completed",
              "fullTitle": "example to-do app can check off an item as completed",
              "timedOut": null,
              "duration": 307,
              "state": "passed",
              "speed": "fast",
              "pass": true,
              "fail": false,
              "pending": false,
              "context": null,
              "code": "// In addition to using the `get` command to get an element by selector,\n// we can also use the `contains` command to get an element by its contents.\n// However, this will yield the <label>, which is lowest-level element that contains the text.\n// In order to check the item, we'll find the <input> element for this <label>\n// by traversing up the dom to the parent element. From there, we can `find`\n// the child checkbox <input> element and use the `check` command to check it.\ncy.contains('Pay electric bill').parent().find('input[type=checkbox]').check(); // Now that we've checked the button, we can go ahead and make sure\n// that the list element is now marked as completed.\n// Again we'll use `contains` to find the <label> element and then use the `parents` command\n// to traverse multiple levels up the dom until we find the corresponding <li> element.\n// Once we get that element, we can assert that it has the completed class.\ncy.contains('Pay electric bill').parents('li').should('have.class', 'completed');",
              "err": {},
              "uuid": "312eff80-e66e-4576-99cb-1e993f3a1282",
              "parentUUID": "8e3b9757-4c00-470e-a5f0-98ef6beb22b9",
              "isHook": false,
              "skipped": false
            }
          ],
          "suites": [
            {
              "uuid": "acd47e0e-a375-41b1-a971-e9408a586082",
              "title": "with a checked task",
              "fullFile": "",
              "file": "",
              "beforeHooks": [],
              "afterHooks": [],
              "tests": [
                {
                  "title": "can filter for uncompleted tasks",
                  "fullTitle": "example to-do app with a checked task can filter for uncompleted tasks",
                  "timedOut": null,
                  "duration": 487,
                  "state": "passed",
                  "speed": "fast",
                  "pass": true,
                  "fail": false,
                  "pending": false,
                  "context": null,
                  "code": "// We'll click on the \"active\" button in order to\n// display only incomplete items\ncy.contains('Active').click(); // After filtering, we can assert that there is only the one\n// incomplete item in the list.\ncy.get('.todo-list li').should('have.length', 1).first().should('have.text', 'Walk the dog'); // For good measure, let's also assert that the task we checked off\n// does not exist on the page.\ncy.contains('Pay electric bill').should('not.exist');",
                  "err": {},
                  "uuid": "781981cf-245b-4cfd-998e-8506fda2e37f",
                  "parentUUID": "acd47e0e-a375-41b1-a971-e9408a586082",
                  "isHook": false,
                  "skipped": false
                },
                {
                  "title": "can filter for completed tasks",
                  "fullTitle": "example to-do app with a checked task can filter for completed tasks",
                  "timedOut": null,
                  "duration": 587,
                  "state": "passed",
                  "speed": "fast",
                  "pass": true,
                  "fail": false,
                  "pending": false,
                  "context": null,
                  "code": "// We can perform similar steps as the test above to ensure\n// that only completed tasks are shown\ncy.contains('Completed').click();\ncy.get('.todo-list li').should('have.length', 1).first().should('have.text', 'Pay electric bill');\ncy.contains('Walk the dog').should('not.exist');",
                  "err": {},
                  "uuid": "d1f549b9-c8ee-431b-8f06-f2337272e035",
                  "parentUUID": "acd47e0e-a375-41b1-a971-e9408a586082",
                  "isHook": false,
                  "skipped": false
                },
                {
                  "title": "can delete all completed tasks",
                  "fullTitle": "example to-do app with a checked task can delete all completed tasks",
                  "timedOut": null,
                  "duration": 442,
                  "state": "passed",
                  "speed": "fast",
                  "pass": true,
                  "fail": false,
                  "pending": false,
                  "context": null,
                  "code": "// First, let's click the \"Clear completed\" button\n// `contains` is actually serving two purposes here.\n// First, it's ensuring that the button exists within the dom.\n// This button only appears when at least one task is checked\n// so this command is implicitly verifying that it does exist.\n// Second, it selects the button so we can click it.\ncy.contains('Clear completed').click(); // Then we can make sure that there is only one element\n// in the list and our element does not exist\ncy.get('.todo-list li').should('have.length', 1).should('not.have.text', 'Pay electric bill'); // Finally, make sure that the clear button no longer exists.\ncy.contains('Clear completed').should('not.exist');",
                  "err": {},
                  "uuid": "9f63828b-a498-4952-897b-e13e1d6a2cf0",
                  "parentUUID": "acd47e0e-a375-41b1-a971-e9408a586082",
                  "isHook": false,
                  "skipped": false
                }
              ],
              "suites": [],
              "passes": [
                "781981cf-245b-4cfd-998e-8506fda2e37f",
                "d1f549b9-c8ee-431b-8f06-f2337272e035",
                "9f63828b-a498-4952-897b-e13e1d6a2cf0"
              ],
              "failures": [],
              "pending": [],
              "skipped": [],
              "duration": 1516,
              "root": false,
              "rootEmpty": false,
              "_timeout": 2000
            }
          ],
          "passes": [
            "da5636ea-b0a9-4023-a06d-4c60cd65530f",
            "c11a87d5-6b07-4493-9a3b-ddc601d1c8d2",
            "312eff80-e66e-4576-99cb-1e993f3a1282"
          ],
          "failures": [],
          "pending": [],
          "skipped": [],
          "duration": 1600,
          "root": false,
          "rootEmpty": false,
          "_timeout": 2000
        }
      ],
      "passes": [],
      "failures": [],
      "pending": [],
      "skipped": [],
      "duration": 0,
      "root": true,
      "rootEmpty": true,
      "_timeout": 2000
    },
    {
      "uuid": "372d3e34-ffc1-42d6-962f-fe7900c07558",
      "title": "",
      "fullFile": "cypress\\e2e\\webdriver-uni\\autocomplete-dropdown-list.js",
      "file": "cypress\\e2e\\webdriver-uni\\autocomplete-dropdown-list.js",
      "beforeHooks": [],
      "afterHooks": [],
      "tests": [],
      "suites": [
        {
          "uuid": "4ef89315-9532-4514-91b8-79ae63506d43",
          "title": "Verify Autocomplete drop down lists via webdriveruni",
          "fullFile": "",
          "file": "",
          "beforeHooks": [],
          "afterHooks": [],
          "tests": [
            {
              "title": "Select specific product via auotcomplete list",
              "fullTitle": "Verify Autocomplete drop down lists via webdriveruni Select specific product via auotcomplete list",
              "timedOut": null,
              "duration": 3991,
              "state": "passed",
              "speed": "fast",
              "pass": true,
              "fail": false,
              "pending": false,
              "context": null,
              "code": "cy.visit(\"https://www.webdriveruniversity.com\");\ncy.get(\"#autocomplete-textfield\").invoke(\"removeAttr\", \"target\").click({\n  force: true\n});\ncy.get(\"#myInput\").type(\"A\"); // star means look for anything inside this element\ncy.get(\"#myInputautocomplete-list > *\").each(($el, index, $list) => {\n  const prod = $el.text();\n  const productToSelect = \"Avacado\";\n  if (prod === productToSelect) {\n    $el.click();\n    cy.get(\"#submit-button\").click();\n    cy.url().should(\"include\", productToSelect);\n    return false;\n  } // instead of writing a it block we can continue out test with diffrent parameters\n  //by using then actually we can chain the test\n}).then(() => {\n  cy.get(\"#myInput\").type(\"g\"); // this will iterate through the dropdown list through each method\n  // and assign it to $el variable\n  cy.get(\"#myInputautocomplete-list > *\").each(($el, index, $list) => {\n    //This will get all the options in the dropdown list as text\n    const prod = $el.text();\n    const productToSelect = \"Grapes\";\n    if (prod === productToSelect) {\n      //click command depriciated with this version of cypress\n      //$el.click();\n      $el.trigger(\"click\");\n      cy.get(\"#submit-button\").click();\n      cy.url().should(\"include\", productToSelect);\n    }\n  });\n});",
              "err": {},
              "uuid": "892395c2-792c-42d4-b962-582382484fbf",
              "parentUUID": "4ef89315-9532-4514-91b8-79ae63506d43",
              "isHook": false,
              "skipped": false
            }
          ],
          "suites": [],
          "passes": [
            "892395c2-792c-42d4-b962-582382484fbf"
          ],
          "failures": [],
          "pending": [],
          "skipped": [],
          "duration": 3991,
          "root": false,
          "rootEmpty": false,
          "_timeout": 2000
        }
      ],
      "passes": [],
      "failures": [],
      "pending": [],
      "skipped": [],
      "duration": 0,
      "root": true,
      "rootEmpty": true,
      "_timeout": 2000
    },
    {
      "uuid": "7e7123ed-477d-4ac9-89d6-3a921d16d01f",
      "title": "",
      "fullFile": "cypress\\e2e\\webdriver-uni\\browser-navigation.js",
      "file": "cypress\\e2e\\webdriver-uni\\browser-navigation.js",
      "beforeHooks": [],
      "afterHooks": [],
      "tests": [],
      "suites": [
        {
          "uuid": "8f5bd715-c1ef-4f35-b5b0-0c12a8982366",
          "title": "Validate webdriveruni homepage links",
          "fullFile": "",
          "file": "",
          "beforeHooks": [],
          "afterHooks": [],
          "tests": [
            {
              "title": "Confirm links redirect to the correct pages",
              "fullTitle": "Validate webdriveruni homepage links Confirm links redirect to the correct pages",
              "timedOut": null,
              "duration": 6169,
              "state": "passed",
              "speed": "medium",
              "pass": true,
              "fail": false,
              "pending": false,
              "context": null,
              "code": "cy.visit(\"http://www.webdriveruniversity.com/\"); //this code it remains in same browser window tab\ncy.get(\"#contact-us\").invoke(\"removeAttr\", \"target\").click();\ncy.url().should(\"include\", \"contactus\");\ncy.go(\"back\");\ncy.reload();\ncy.url().should(\"include\", \"http://www.webdriveruniversity.com\"); //cy.reload(true); //reload without using cache\ncy.go(\"forward\");\ncy.url().should(\"include\", \"contactus\");\ncy.go(\"back\");\ncy.get(\"#login-portal\").invoke(\"removeAttr\", \"target\").click({\n  force: true\n});\ncy.url().should(\"include\", \"Login-Portal\");\ncy.go(\"back\");\ncy.get(\"#to-do-list\").invoke(\"removeAttr\", \"target\").click({\n  force: true\n});\ncy.url().should(\"include\", \"To-Do-List\");\ncy.go(\"back\");",
              "err": {},
              "uuid": "094a6329-f487-48b0-a490-85a3aedddb81",
              "parentUUID": "8f5bd715-c1ef-4f35-b5b0-0c12a8982366",
              "isHook": false,
              "skipped": false
            }
          ],
          "suites": [],
          "passes": [
            "094a6329-f487-48b0-a490-85a3aedddb81"
          ],
          "failures": [],
          "pending": [],
          "skipped": [],
          "duration": 6169,
          "root": false,
          "rootEmpty": false,
          "_timeout": 2000
        }
      ],
      "passes": [],
      "failures": [],
      "pending": [],
      "skipped": [],
      "duration": 0,
      "root": true,
      "rootEmpty": true,
      "_timeout": 2000
    },
    {
      "uuid": "5092aec1-0869-4b78-8225-6ecff0934b6f",
      "title": "",
      "fullFile": "cypress\\e2e\\webdriver-uni\\checkboxes.js",
      "file": "cypress\\e2e\\webdriver-uni\\checkboxes.js",
      "beforeHooks": [],
      "afterHooks": [],
      "tests": [],
      "suites": [
        {
          "uuid": "fad6a7d2-c6f4-4b88-bc10-ab20e47abc59",
          "title": "Handling checkboxesvia webdriveruni",
          "fullFile": "",
          "file": "",
          "beforeHooks": [],
          "afterHooks": [],
          "tests": [
            {
              "title": "Check and Validate checkbox",
              "fullTitle": "Handling checkboxesvia webdriveruni Check and Validate checkbox",
              "timedOut": null,
              "duration": 2526,
              "state": "passed",
              "speed": "fast",
              "pass": true,
              "fail": false,
              "pending": false,
              "context": null,
              "code": "cy.visit(\"https://www.webdriveruniversity.com\");\ncy.get(\"#dropdown-checkboxes-radiobuttons\").invoke(\"removeAttr\", \"target\").click({\n  force: true\n});\ncy.get(\"#checkboxes > :nth-child(5) > input\").as(\"option-3\");\ncy.get(\"@option-3\").uncheck().should(\"not.be.checked\");",
              "err": {},
              "uuid": "9b59f439-13cc-49f2-be58-200dda9e09f7",
              "parentUUID": "fad6a7d2-c6f4-4b88-bc10-ab20e47abc59",
              "isHook": false,
              "skipped": false
            },
            {
              "title": "Check and Validate checkbox",
              "fullTitle": "Handling checkboxesvia webdriveruni Check and Validate checkbox",
              "timedOut": null,
              "duration": 1036,
              "state": "passed",
              "speed": "fast",
              "pass": true,
              "fail": false,
              "pending": false,
              "context": null,
              "code": "cy.visit(\"https://www.webdriveruniversity.com\");\ncy.get(\"#dropdown-checkboxes-radiobuttons\").invoke(\"removeAttr\", \"target\").click({\n  force: true\n});\ncy.get(\"input[type='checkbox']\").check([\"option-1\", \"option-2\", \"option-3\", \"option-4\"]).should(\"be.checked\");",
              "err": {},
              "uuid": "6ad72413-56eb-4831-bfe7-4e9564d814da",
              "parentUUID": "fad6a7d2-c6f4-4b88-bc10-ab20e47abc59",
              "isHook": false,
              "skipped": false
            }
          ],
          "suites": [],
          "passes": [
            "9b59f439-13cc-49f2-be58-200dda9e09f7",
            "6ad72413-56eb-4831-bfe7-4e9564d814da"
          ],
          "failures": [],
          "pending": [],
          "skipped": [],
          "duration": 3562,
          "root": false,
          "rootEmpty": false,
          "_timeout": 2000
        }
      ],
      "passes": [],
      "failures": [],
      "pending": [],
      "skipped": [],
      "duration": 0,
      "root": true,
      "rootEmpty": true,
      "_timeout": 2000
    },
    {
      "uuid": "e8861fe8-66fb-40fa-871a-827ba8f5d3cd",
      "title": "",
      "fullFile": "cypress\\e2e\\webdriver-uni\\contact-us.js",
      "file": "cypress\\e2e\\webdriver-uni\\contact-us.js",
      "beforeHooks": [],
      "afterHooks": [],
      "tests": [],
      "suites": [
        {
          "uuid": "8829c679-f8f9-484e-8ce8-76bc05dad229",
          "title": "Teat Contact us form via WbdriverUni",
          "fullFile": "",
          "file": "",
          "beforeHooks": [],
          "afterHooks": [],
          "tests": [
            {
              "title": "Should not able to submit a succesful submit via contact us form",
              "fullTitle": "Teat Contact us form via WbdriverUni Should not able to submit a succesful submit via contact us form",
              "timedOut": null,
              "duration": 3055,
              "state": "passed",
              "speed": "fast",
              "pass": true,
              "fail": false,
              "pending": false,
              "context": null,
              "code": "//cy.visit(\"https://www.webdriveruniversity.com/Contact-Us/contactus.html\");\ncy.visit(\"https://www.webdriveruniversity.com\"); //this code will open a new tab which is contact-us page\ncy.get('#contact-us').invoke('removeAttr', 'target').click({\n  force: true\n}); //below code  will use profile fixture  refer to line 8\ncy.get(\"@user\").then(user => {\n  cy.get('[name=\"first_name\"]').type(user.first_Name);\n  cy.get('[name=\"last_name\"]').type(user.last_Name);\n});\ncy.get('textarea.feedback-input').type(\"Awesome site\");\ncy.get('[type=\"submit\"]').click();\ncy.get('body').contains('Error: all fields are required');",
              "err": {},
              "uuid": "9eefbe6c-bd12-4967-bc20-2ac293d58feb",
              "parentUUID": "8829c679-f8f9-484e-8ce8-76bc05dad229",
              "isHook": false,
              "skipped": false
            }
          ],
          "suites": [],
          "passes": [
            "9eefbe6c-bd12-4967-bc20-2ac293d58feb"
          ],
          "failures": [],
          "pending": [],
          "skipped": [],
          "duration": 3055,
          "root": false,
          "rootEmpty": false,
          "_timeout": 2000
        }
      ],
      "passes": [],
      "failures": [],
      "pending": [],
      "skipped": [],
      "duration": 0,
      "root": true,
      "rootEmpty": true,
      "_timeout": 2000
    },
    {
      "uuid": "0dc5fa71-ec4c-4970-b231-f15087df8898",
      "title": "",
      "fullFile": "cypress\\e2e\\webdriver-uni\\data-tables.js",
      "file": "cypress\\e2e\\webdriver-uni\\data-tables.js",
      "beforeHooks": [],
      "afterHooks": [],
      "tests": [],
      "suites": [
        {
          "uuid": "fbfabc92-4c7b-4880-a32f-195832023b85",
          "title": "Handling data via Webdriveruni",
          "fullFile": "",
          "file": "",
          "beforeHooks": [],
          "afterHooks": [],
          "tests": [
            {
              "title": "Calculate and assert the age of given user based on last name ",
              "fullTitle": "Handling data via Webdriveruni Calculate and assert the age of given user based on last name ",
              "timedOut": null,
              "duration": 2104,
              "state": "passed",
              "speed": "fast",
              "pass": true,
              "fail": false,
              "pending": false,
              "context": null,
              "code": "cy.get(\"#thumbnail-1 tr td:nth-child(2)\").each(($el, index, $list) => {\n  const text = $el.text();\n  if (text.includes(\"Woods\")) {\n    cy.get(\"#thumbnail-1 tr td:nth-child(2)\").eq(index).next().then(function (age) {\n      const userAge = age.text();\n      expect(userAge).to.equal(\"80\");\n    });\n  }\n});",
              "err": {},
              "uuid": "994b71bf-11b3-424f-9a59-b0a878a1e2be",
              "parentUUID": "fbfabc92-4c7b-4880-a32f-195832023b85",
              "isHook": false,
              "skipped": false
            }
          ],
          "suites": [],
          "passes": [
            "994b71bf-11b3-424f-9a59-b0a878a1e2be"
          ],
          "failures": [],
          "pending": [],
          "skipped": [],
          "duration": 2104,
          "root": false,
          "rootEmpty": false,
          "_timeout": 2000
        }
      ],
      "passes": [],
      "failures": [],
      "pending": [],
      "skipped": [],
      "duration": 0,
      "root": true,
      "rootEmpty": true,
      "_timeout": 2000
    },
    {
      "uuid": "f74d0364-2a7c-4f04-9b18-a697c74f2cec",
      "title": "",
      "fullFile": "cypress\\e2e\\webdriver-uni\\datepicker.js",
      "file": "cypress\\e2e\\webdriver-uni\\datepicker.js",
      "beforeHooks": [],
      "afterHooks": [],
      "tests": [],
      "suites": [
        {
          "uuid": "61ba6b93-f29b-4c90-a8ae-7a69a6b33f47",
          "title": "Test date picker via webdriveruni",
          "fullFile": "",
          "file": "",
          "beforeHooks": [],
          "afterHooks": [],
          "tests": [
            {
              "title": "Select date from the datepicker",
              "fullTitle": "Test date picker via webdriveruni Select date from the datepicker",
              "timedOut": null,
              "duration": 8578,
              "state": "passed",
              "speed": "medium",
              "pass": true,
              "fail": false,
              "pending": false,
              "context": null,
              "code": "cy.visit(\"http://www.webdriveruniversity.com\");\ncy.get(\"#datepicker\").invoke(\"removeAttr\", \"target\").click({\n  force: true\n});\ncy.get(\"#datepicker\").click(); // let date = new Date();\n// date.setDate(date.getDate()); // get durrent date\n// cy.log(date.getDate());// get current date\n// let date2 = new Date();\n// date2.setDate(date2.getDate() + 5);\n// cy.log(date2.getDate());// get current date i.e 22+5=27\nvar date = new Date();\ndate.setDate(date.getDate() + 366);\nvar futureYear = date.getFullYear();\nvar futureMonth = date.toLocaleString(\"default\", {\n  month: \"long\"\n});\nvar futureDay = date.getDate();\ncy.log(\"new date is :\" + futureMonth + \"/\" + futureDay + \"/\" + futureYear);\nfunction selectMonthAndYear() {\n  cy.get(\".datepicker-dropdown\").find(\".datepicker-switch\").first().then(currentDate => {\n    if (!currentDate.text().includes(futureYear)) {\n      cy.get(\".next\").first().click();\n      selectMonthAndYear();\n    }\n  }).then(() => {\n    cy.get(\".datepicker-dropdown\").find(\".datepicker-switch\").first().then(currentDate => {\n      if (!currentDate.text().includes(futureMonth)) {\n        cy.get(\".next\").first().click();\n        selectMonthAndYear();\n      }\n    });\n  });\n}\nfunction selectFutureDay() {\n  cy.get('[class=\"day\"]').contains(futureDay).click();\n}\nselectMonthAndYear();\nselectFutureDay();",
              "err": {},
              "uuid": "98e5f629-414e-408f-b623-7c4b1808a7cc",
              "parentUUID": "61ba6b93-f29b-4c90-a8ae-7a69a6b33f47",
              "isHook": false,
              "skipped": false
            }
          ],
          "suites": [],
          "passes": [
            "98e5f629-414e-408f-b623-7c4b1808a7cc"
          ],
          "failures": [],
          "pending": [],
          "skipped": [],
          "duration": 8578,
          "root": false,
          "rootEmpty": false,
          "_timeout": 2000
        }
      ],
      "passes": [],
      "failures": [],
      "pending": [],
      "skipped": [],
      "duration": 0,
      "root": true,
      "rootEmpty": true,
      "_timeout": 2000
    },
    {
      "uuid": "cafc5e15-9496-4679-9c2c-6b1943328cd9",
      "title": "",
      "fullFile": "cypress\\e2e\\webdriver-uni\\file-upload.js",
      "file": "cypress\\e2e\\webdriver-uni\\file-upload.js",
      "beforeHooks": [],
      "afterHooks": [],
      "tests": [],
      "suites": [
        {
          "uuid": "939541db-ebbf-41b1-b5d3-cc3b343423ea",
          "title": "Test File Upload via webdriveruni",
          "fullFile": "",
          "file": "",
          "beforeHooks": [],
          "afterHooks": [],
          "tests": [
            {
              "title": "Upload a file...",
              "fullTitle": "Test File Upload via webdriveruni Upload a file...",
              "timedOut": null,
              "duration": 2435,
              "state": "passed",
              "speed": "fast",
              "pass": true,
              "fail": false,
              "pending": false,
              "context": null,
              "code": "cy.visit(\"https://www.webdriveruniversity.com\");\ncy.get(\"#file-upload\").invoke(\"removeAttr\", \"target\").click({\n  force: true\n});\ncy.get('#myFile').selectFile(\"cypress/fixtures/Deniz.png\");\ncy.get(\"#submit-button\").click();",
              "err": {},
              "uuid": "e7709838-2d25-475f-8579-038743b9fe00",
              "parentUUID": "939541db-ebbf-41b1-b5d3-cc3b343423ea",
              "isHook": false,
              "skipped": false
            },
            {
              "title": "Upload no file...",
              "fullTitle": "Test File Upload via webdriveruni Upload no file...",
              "timedOut": null,
              "duration": 946,
              "state": "passed",
              "speed": "fast",
              "pass": true,
              "fail": false,
              "pending": false,
              "context": null,
              "code": "cy.visit(\"https://www.webdriveruniversity.com\");\ncy.get(\"#file-upload\").invoke(\"removeAttr\", \"target\").click({\n  force: true\n});\ncy.get(\"#submit-button\").click();",
              "err": {},
              "uuid": "8012c4a8-f699-4d6b-a96e-9507732b6ce3",
              "parentUUID": "939541db-ebbf-41b1-b5d3-cc3b343423ea",
              "isHook": false,
              "skipped": false
            }
          ],
          "suites": [],
          "passes": [
            "e7709838-2d25-475f-8579-038743b9fe00",
            "8012c4a8-f699-4d6b-a96e-9507732b6ce3"
          ],
          "failures": [],
          "pending": [],
          "skipped": [],
          "duration": 3381,
          "root": false,
          "rootEmpty": false,
          "_timeout": 2000
        }
      ],
      "passes": [],
      "failures": [],
      "pending": [],
      "skipped": [],
      "duration": 0,
      "root": true,
      "rootEmpty": true,
      "_timeout": 2000
    },
    {
      "uuid": "c40928a0-de26-442f-8e7e-fcb1dbf61f98",
      "title": "",
      "fullFile": "cypress\\e2e\\webdriver-uni\\iframe.js",
      "file": "cypress\\e2e\\webdriver-uni\\iframe.js",
      "beforeHooks": [],
      "afterHooks": [],
      "tests": [],
      "suites": [
        {
          "uuid": "c6eb3b4d-0fc8-40ed-9d33-c3d457512286",
          "title": "Handling Iframe and modals",
          "fullFile": "",
          "file": "",
          "beforeHooks": [],
          "afterHooks": [],
          "tests": [
            {
              "title": "Handle webdriveruni iframe and modals",
              "fullTitle": "Handling Iframe and modals Handle webdriveruni iframe and modals",
              "timedOut": null,
              "duration": 2767,
              "state": "passed",
              "speed": "fast",
              "pass": true,
              "fail": false,
              "pending": false,
              "context": null,
              "code": "cy.visit(\"https://www.webdriveruniversity.com\");\ncy.get(\"#iframe\").invoke(\"removeAttr\", \"target\").click({\n  force: true\n}); //below we wrapped the iframe whole body inside a variable so with that variable we can\n// interact all iframe elements\ncy.get(\"#frame\").then($iframe => {\n  const body = $iframe.contents().find(\"body\");\n  cy.wrap(body).as(\"iframe\");\n});\ncy.get(\"@iframe\").find(\"#button-find-out-more\").click();\ncy.get(\"@iframe\").find(\"#myModal\").as(\"modal\");\ncy.get(\"@modal\").should($expectedText => {\n  const text = $expectedText.text();\n  expect(text).to.include(\"Welcome to webdriveruniversity.com we sell a wide range of electrical goods\");\n});\ncy.get(\"@modal\").contains(\"Close\").click();",
              "err": {},
              "uuid": "7c4ba083-af5d-4443-887c-cc58f0d1b256",
              "parentUUID": "c6eb3b4d-0fc8-40ed-9d33-c3d457512286",
              "isHook": false,
              "skipped": false
            }
          ],
          "suites": [],
          "passes": [
            "7c4ba083-af5d-4443-887c-cc58f0d1b256"
          ],
          "failures": [],
          "pending": [],
          "skipped": [],
          "duration": 2767,
          "root": false,
          "rootEmpty": false,
          "_timeout": 2000
        }
      ],
      "passes": [],
      "failures": [],
      "pending": [],
      "skipped": [],
      "duration": 0,
      "root": true,
      "rootEmpty": true,
      "_timeout": 2000
    },
    {
      "uuid": "53c849fa-a87b-4b3f-bc21-a8745578303d",
      "title": "",
      "fullFile": "cypress\\e2e\\webdriver-uni\\js-alert.js",
      "file": "cypress\\e2e\\webdriver-uni\\js-alert.js",
      "beforeHooks": [],
      "afterHooks": [],
      "tests": [],
      "suites": [
        {
          "uuid": "f61bca83-5409-430f-901f-3ddd09104f9f",
          "title": "Handle js alerts",
          "fullFile": "",
          "file": "",
          "beforeHooks": [],
          "afterHooks": [],
          "tests": [
            {
              "title": "Confirm js alert contains the correct text",
              "fullTitle": "Handle js alerts Confirm js alert contains the correct text",
              "timedOut": null,
              "duration": 2603,
              "state": "passed",
              "speed": "fast",
              "pass": true,
              "fail": false,
              "pending": false,
              "context": null,
              "code": "cy.visit(\"https://www.webdriveruniversity.com\"); // if we want to stay at the same page after clicking the button we use below code\ncy.get(\"#popup-alerts\").invoke(\"removeAttr\", \"target\").click({\n  force: true\n});\ncy.get(\"#button1\").click(); // this will get the alert message and assign to a string\ncy.on(\"window:alert\", str => {\n  expect(str).to.equal(\"I am an alert box!\");\n});\ncy.get(\"#button2\").click();\ncy.get(\".modal-footer > .btn\").click();",
              "err": {},
              "uuid": "aa1b8551-c8e0-4a5b-be16-c7fb456d254c",
              "parentUUID": "f61bca83-5409-430f-901f-3ddd09104f9f",
              "isHook": false,
              "skipped": false
            },
            {
              "title": "Validate js confirm alert box works correctly by clicking on ok",
              "fullTitle": "Handle js alerts Validate js confirm alert box works correctly by clicking on ok",
              "timedOut": null,
              "duration": 870,
              "state": "passed",
              "speed": "fast",
              "pass": true,
              "fail": false,
              "pending": false,
              "context": null,
              "code": "cy.visit(\"https://www.webdriveruniversity.com\");\ncy.get(\"#popup-alerts\").invoke(\"removeAttr\", \"target\").click({\n  force: true\n});\ncy.get(\"#button4\").click();\ncy.on(\"window:alert\", str => {\n  return true;\n});\ncy.get(\"#confirm-alert-text\").contains(\"You pressed OK!\");",
              "err": {},
              "uuid": "6d01c5af-c140-42a0-a1f5-e388a89ba862",
              "parentUUID": "f61bca83-5409-430f-901f-3ddd09104f9f",
              "isHook": false,
              "skipped": false
            },
            {
              "title": "Validate js confirm alert box works correctly by clicking on ok",
              "fullTitle": "Handle js alerts Validate js confirm alert box works correctly by clicking on ok",
              "timedOut": null,
              "duration": 801,
              "state": "passed",
              "speed": "fast",
              "pass": true,
              "fail": false,
              "pending": false,
              "context": null,
              "code": "cy.visit(\"https://www.webdriveruniversity.com\");\ncy.get(\"#popup-alerts\").invoke(\"removeAttr\", \"target\").click({\n  force: true\n});\ncy.get(\"#button4\").click(); //this will click on cancel button\ncy.on(\"window:confirm\", str => {\n  return false;\n});\ncy.get(\"#confirm-alert-text\").contains(\"You pressed Cancel!\");",
              "err": {},
              "uuid": "48a49290-fd1e-445c-b3f0-5fa5cdaf23f7",
              "parentUUID": "f61bca83-5409-430f-901f-3ddd09104f9f",
              "isHook": false,
              "skipped": false
            },
            {
              "title": "Validate js confirm alert box works correctly by clicking on ok",
              "fullTitle": "Handle js alerts Validate js confirm alert box works correctly by clicking on ok",
              "timedOut": null,
              "duration": 758,
              "state": "passed",
              "speed": "fast",
              "pass": true,
              "fail": false,
              "pending": false,
              "context": null,
              "code": "cy.visit(\"https://www.webdriveruniversity.com\");\ncy.get(\"#popup-alerts\").invoke(\"removeAttr\", \"target\").click({\n  force: true\n}); //this will click on cancel button\nconst stub = cy.stub(); //when event fired it will store all event data into stub\ncy.on(\"window:confirm\", stub);\ncy.get(\"#button4\").click().then(() => {\n  expect(stub.getCall(0)).to.be.calledWith(\"Press a button!\");\n}).then(() => {\n  return true;\n}).then(() => {\n  cy.get(\"#confirm-alert-text\").contains(\"You pressed OK!\");\n});",
              "err": {},
              "uuid": "39c25cc5-22db-444c-9477-ccb433bb5e62",
              "parentUUID": "f61bca83-5409-430f-901f-3ddd09104f9f",
              "isHook": false,
              "skipped": false
            }
          ],
          "suites": [],
          "passes": [
            "aa1b8551-c8e0-4a5b-be16-c7fb456d254c",
            "6d01c5af-c140-42a0-a1f5-e388a89ba862",
            "48a49290-fd1e-445c-b3f0-5fa5cdaf23f7",
            "39c25cc5-22db-444c-9477-ccb433bb5e62"
          ],
          "failures": [],
          "pending": [],
          "skipped": [],
          "duration": 5032,
          "root": false,
          "rootEmpty": false,
          "_timeout": 2000
        }
      ],
      "passes": [],
      "failures": [],
      "pending": [],
      "skipped": [],
      "duration": 0,
      "root": true,
      "rootEmpty": true,
      "_timeout": 2000
    },
    {
      "uuid": "2406d6b4-e50a-4923-ae4a-482080286509",
      "title": "",
      "fullFile": "cypress\\e2e\\webdriver-uni\\mause-actions.js",
      "file": "cypress\\e2e\\webdriver-uni\\mause-actions.js",
      "beforeHooks": [],
      "afterHooks": [],
      "tests": [],
      "suites": [
        {
          "uuid": "f93421a8-16ee-4d3a-90c1-891640a3bc13",
          "title": "Test moause actions",
          "fullFile": "",
          "file": "",
          "beforeHooks": [],
          "afterHooks": [],
          "tests": [
            {
              "title": "I should be able to hold the left mouse click button on a given element",
              "fullTitle": "Test moause actions I should be able to hold the left mouse click button on a given element",
              "timedOut": null,
              "duration": 3411,
              "state": "passed",
              "speed": "fast",
              "pass": true,
              "fail": false,
              "pending": false,
              "context": null,
              "code": "cy.visit(\"https://www.webdriveruniversity.com\"); //below command  scrolling down to element\ncy.get(\"#actions\").scrollIntoView().invoke(\"removeAttr\", \"target\").click({\n  force: true\n});\ncy.get(\"#click-box\").trigger(\"mousedown\", {\n  which: 1\n}).then($el => {\n  expect($el).to.have.css(\"background-color\", \"rgb(0, 255, 0)\");\n  cy.wait(1000);\n});",
              "err": {},
              "uuid": "f434479e-aa9e-4103-9b31-4f36e33f380e",
              "parentUUID": "f93421a8-16ee-4d3a-90c1-891640a3bc13",
              "isHook": false,
              "skipped": false
            }
          ],
          "suites": [],
          "passes": [
            "f434479e-aa9e-4103-9b31-4f36e33f380e"
          ],
          "failures": [],
          "pending": [],
          "skipped": [],
          "duration": 3411,
          "root": false,
          "rootEmpty": false,
          "_timeout": 2000
        }
      ],
      "passes": [],
      "failures": [],
      "pending": [],
      "skipped": [],
      "duration": 0,
      "root": true,
      "rootEmpty": true,
      "_timeout": 2000
    },
    {
      "uuid": "1393b3bc-3df6-4da9-873b-14e50c409c62",
      "title": "",
      "fullFile": "cypress\\e2e\\webdriver-uni\\radio-button.js",
      "file": "cypress\\e2e\\webdriver-uni\\radio-button.js",
      "beforeHooks": [],
      "afterHooks": [],
      "tests": [],
      "suites": [
        {
          "uuid": "e9ff2f49-3f27-4d85-b721-832fbaf17ac1",
          "title": "Verify radiobutton Webdriver uni ",
          "fullFile": "",
          "file": "",
          "beforeHooks": [],
          "afterHooks": [],
          "tests": [
            {
              "title": "Check specific radio buttons",
              "fullTitle": "Verify radiobutton Webdriver uni  Check specific radio buttons",
              "timedOut": null,
              "duration": 3204,
              "state": "passed",
              "speed": "fast",
              "pass": true,
              "fail": false,
              "pending": false,
              "context": null,
              "code": "cy.get(\"#radio-buttons\").find(\"[type='radio']\").first().check();\ncy.get(\"#radio-buttons\").find(\"[type='radio']\").eq(1).check();",
              "err": {},
              "uuid": "635a4a74-718f-4330-8b59-c598458f8abd",
              "parentUUID": "e9ff2f49-3f27-4d85-b721-832fbaf17ac1",
              "isHook": false,
              "skipped": false
            },
            {
              "title": "Validate the states of specific radio buttons",
              "fullTitle": "Verify radiobutton Webdriver uni  Validate the states of specific radio buttons",
              "timedOut": null,
              "duration": 972,
              "state": "passed",
              "speed": "fast",
              "pass": true,
              "fail": false,
              "pending": false,
              "context": null,
              "code": "cy.get(\"[value='lettuce']\").should('not.be.checked');\ncy.get(\"[value='pumpkin']\").should(\"be.checked\");\ncy.get(\"[value='lettuce']\").check();\ncy.get(\"[value='lettuce']\").should('be.checked');\ncy.get(\"[value='cabbage']\").should(\"be.disabled\");",
              "err": {},
              "uuid": "4f2890f6-be74-472a-a641-bca2c189ad30",
              "parentUUID": "e9ff2f49-3f27-4d85-b721-832fbaf17ac1",
              "isHook": false,
              "skipped": false
            }
          ],
          "suites": [],
          "passes": [
            "635a4a74-718f-4330-8b59-c598458f8abd",
            "4f2890f6-be74-472a-a641-bca2c189ad30"
          ],
          "failures": [],
          "pending": [],
          "skipped": [],
          "duration": 4176,
          "root": false,
          "rootEmpty": false,
          "_timeout": 2000
        }
      ],
      "passes": [],
      "failures": [],
      "pending": [],
      "skipped": [],
      "duration": 0,
      "root": true,
      "rootEmpty": true,
      "_timeout": 2000
    },
    {
      "uuid": "14822bb0-7bd4-4f48-ac42-b2017b40f79b",
      "title": "",
      "fullFile": "cypress\\e2e\\webdriver-uni\\select-dropdown-list.js",
      "file": "cypress\\e2e\\webdriver-uni\\select-dropdown-list.js",
      "beforeHooks": [],
      "afterHooks": [],
      "tests": [],
      "suites": [
        {
          "uuid": "b60252a3-8b12-4581-9110-6d9a4e880290",
          "title": "Interact with dropdownlists",
          "fullFile": "",
          "file": "",
          "beforeHooks": [],
          "afterHooks": [],
          "tests": [
            {
              "title": "Selacrt specific values via select dropdown lists",
              "fullTitle": "Interact with dropdownlists Selacrt specific values via select dropdown lists",
              "timedOut": null,
              "duration": 3265,
              "state": "passed",
              "speed": "fast",
              "pass": true,
              "fail": false,
              "pending": false,
              "context": null,
              "code": "cy.visit(\"https://www.webdriveruniversity.com\");\ncy.get(\"#dropdown-checkboxes-radiobuttons\").invoke(\"removeAttr\", \"target\").click({\n  force: true\n});\ncy.get(\"#dropdowm-menu-1\").select(\"c#\");\ncy.get(\"#dropdowm-menu-2\").select(\"maven\").should(\"have.value\", \"maven\");\ncy.get(\"#dropdowm-menu-3\").select(\"JQuery\");\ncy.get(\"#dropdowm-menu-3\").select(\"JavaScript\");\ncy.get(\"#dropdowm-menu-2\").select(\"TestNG\").contains(\"TestNG\");",
              "err": {},
              "uuid": "96bd04c2-1082-4135-9f05-7f6618ae0147",
              "parentUUID": "b60252a3-8b12-4581-9110-6d9a4e880290",
              "isHook": false,
              "skipped": false
            }
          ],
          "suites": [],
          "passes": [
            "96bd04c2-1082-4135-9f05-7f6618ae0147"
          ],
          "failures": [],
          "pending": [],
          "skipped": [],
          "duration": 3265,
          "root": false,
          "rootEmpty": false,
          "_timeout": 2000
        }
      ],
      "passes": [],
      "failures": [],
      "pending": [],
      "skipped": [],
      "duration": 0,
      "root": true,
      "rootEmpty": true,
      "_timeout": 2000
    },
    {
      "uuid": "b6c52c72-db01-4be1-bd54-e44d803518a4",
      "title": "",
      "fullFile": "cypress\\e2e\\webdriver-uni\\selectors.js",
      "file": "cypress\\e2e\\webdriver-uni\\selectors.js",
      "beforeHooks": [],
      "afterHooks": [],
      "tests": [],
      "suites": [
        {
          "uuid": "42a04c10-21a9-4805-a782-9f5e000069ee",
          "title": "Selector examples",
          "fullFile": "",
          "file": "",
          "beforeHooks": [],
          "afterHooks": [],
          "tests": [
            {
              "title": "Examples of Selectors via WebdriverUni Contact Us Page",
              "fullTitle": "Selector examples Examples of Selectors via WebdriverUni Contact Us Page",
              "timedOut": null,
              "duration": 1874,
              "state": "passed",
              "speed": "fast",
              "pass": true,
              "fail": false,
              "pending": false,
              "context": null,
              "code": "cy.visit(\"http://www.webdriveruniversity.com/Contact-Us/contactus.html\"); //By tag name\ncy.get(\"input\"); //By attribute name and value\ncy.get(\"input[name='first_name']\"); //By id\ncy.get(\"#contact_me\"); //By class\ncy.get(\".feedback-input\"); //By multiple classes\ncy.get(\"[class='navbar navbar-inverse navbar-fixed-top']\"); //By two different attributes\ncy.get(\"[name='email'][placeholder='Email Address']\"); //Ву хрath\ncy.xpath(\"//input[@name='first_name']\");",
              "err": {},
              "uuid": "94b0d41e-a404-4abe-b7aa-4a3a05d089ef",
              "parentUUID": "42a04c10-21a9-4805-a782-9f5e000069ee",
              "isHook": false,
              "skipped": false
            }
          ],
          "suites": [],
          "passes": [
            "94b0d41e-a404-4abe-b7aa-4a3a05d089ef"
          ],
          "failures": [],
          "pending": [],
          "skipped": [],
          "duration": 1874,
          "root": false,
          "rootEmpty": false,
          "_timeout": 2000
        }
      ],
      "passes": [],
      "failures": [],
      "pending": [],
      "skipped": [],
      "duration": 0,
      "root": true,
      "rootEmpty": true,
      "_timeout": 2000
    },
    {
      "uuid": "3ac028b7-4e9d-46fd-92cc-8466a39d4157",
      "title": "",
      "fullFile": "cypress\\e2e\\automation-test-store\\alias-invoke.js",
      "file": "cypress\\e2e\\automation-test-store\\alias-invoke.js",
      "beforeHooks": [],
      "afterHooks": [],
      "tests": [],
      "suites": [
        {
          "uuid": "72c2a3c3-30f1-40e3-9715-b1a35e698f42",
          "title": "Alias and invoke",
          "fullFile": "",
          "file": "",
          "beforeHooks": [],
          "afterHooks": [],
          "tests": [
            {
              "title": "Calculate total of normal and sale products products",
              "fullTitle": "Alias and invoke Calculate total of normal and sale products products",
              "timedOut": null,
              "duration": 7994,
              "state": "passed",
              "speed": "medium",
              "pass": true,
              "fail": false,
              "pending": false,
              "context": null,
              "code": "cy.visit(\"https://www.automationteststore.com/\");\ncy.get(\".thumbnail\").as(\"productThumbnail1\"); // cy.get(\"@productThumbnail1\")\n//   .find(\".oneprice\")\n//   .each(($el, index, $list) => {\n//     cy.log($el.text());\n//   });\ncy.get(\"@productThumbnail1\").find(\".pricenew\").invoke(\"text\").as(\"itemPrice\");\ncy.get(\"@productThumbnail1\").find(\".oneprice\").invoke(\"text\").as(\"saleItemPrice\");\nvar itemsTotal = 0;\ncy.get(\"@itemPrice\").then($linkText => {\n  var itemsPriceTotal = 0; //this will split the string from $ sign and get the price only\n  var itemPrice = $linkText.split(\"$\"); // this will print only 1 item\n  cy.log(\"Item Price \" + itemPrice[1]);\n  var index;\n  for (let index = 0; index < itemPrice.length; index++) {\n    //print all itemPrice in aloop based on the index\n    cy.log(itemPrice[index]); //this will get the total price of all items as a Number\n    itemsPriceTotal += Number(itemPrice[index]);\n  }\n  itemsTotal += itemsPriceTotal;\n  cy.log(\"Non sale price items total \" + itemsPriceTotal);\n});\ncy.get(\"@saleItemPrice\").then($linkText => {\n  var saleItemsPrice = 0;\n  var saleItemPrice = $linkText.split(\"$\");\n  var index;\n  for (let index = 0; index < saleItemPrice.length; index++) {\n    //print all itemPrice in aloop based on the index\n    cy.log(saleItemPrice[index]); //this will get the total price of all items as a Number\n    saleItemsPrice += Number(saleItemPrice[index]);\n  }\n  itemsTotal += saleItemsPrice;\n  cy.log(\"Non sale price items total \" + saleItemsPrice);\n}).then(() => {\n  cy.log(\"Total price of all items \" + itemsTotal); //this will get the total price of all items as a Number\n  expect(itemsTotal).to.eq(625.6);\n});",
              "err": {},
              "uuid": "df4ba6c4-c6e5-4e24-96bf-844e77c5225a",
              "parentUUID": "72c2a3c3-30f1-40e3-9715-b1a35e698f42",
              "isHook": false,
              "skipped": false
            }
          ],
          "suites": [],
          "passes": [
            "df4ba6c4-c6e5-4e24-96bf-844e77c5225a"
          ],
          "failures": [],
          "pending": [],
          "skipped": [],
          "duration": 7994,
          "root": false,
          "rootEmpty": false,
          "_timeout": 2000
        }
      ],
      "passes": [],
      "failures": [],
      "pending": [],
      "skipped": [],
      "duration": 0,
      "root": true,
      "rootEmpty": true,
      "_timeout": 2000
    },
    {
      "uuid": "95f8f5c9-4204-4b5a-a462-9ed4045b9162",
      "title": "",
      "fullFile": "cypress\\e2e\\automation-test-store\\contact-us.js",
      "file": "cypress\\e2e\\automation-test-store\\contact-us.js",
      "beforeHooks": [],
      "afterHooks": [],
      "tests": [],
      "suites": [
        {
          "uuid": "49245c83-2687-4de6-8821-258e62c67953",
          "title": "Test Contact us form via Automation Test Store",
          "fullFile": "",
          "file": "",
          "beforeHooks": [],
          "afterHooks": [],
          "tests": [
            {
              "title": "Should be able to submit a succesful submission via contact us form",
              "fullTitle": "Test Contact us form via Automation Test Store Should be able to submit a succesful submission via contact us form",
              "timedOut": null,
              "duration": 22730,
              "state": "passed",
              "speed": "slow",
              "pass": true,
              "fail": false,
              "pending": false,
              "context": null,
              "code": "cy.visit(\"https://www.automationteststore.com/\"); //cy.get('.info_links_footer > :nth-child(5) > a').click();\n//cy.xpath(\"//a[contains(@href, 'contact')]\").click();\ncy.get(\"a[href$=contact]\").click().then(function (linkText) {\n  cy.log('Clicked on link: ' + linkText.text());\n});\ncy.get(\"#ContactUsFrm_first_name\").type(\"Joe\");\ncy.get('#ContactUsFrm_email').type(\"Dones@gmail.com\");\ncy.get('#ContactUsFrm_email').should('have.attr', 'name', 'email');\ncy.get(\"#ContactUsFrm_enquiry\").type(\"Doing some testing\");\ncy.get(\"button[title='Submit']\").click();\ncy.get(\".mb40 > :nth-child(3)\").should(\"have.text\", \"Your enquiry has been successfully sent to the store owner!\");",
              "err": {},
              "uuid": "9c80875d-c13f-4070-bf27-5d2d214b6e88",
              "parentUUID": "49245c83-2687-4de6-8821-258e62c67953",
              "isHook": false,
              "skipped": false
            }
          ],
          "suites": [],
          "passes": [
            "9c80875d-c13f-4070-bf27-5d2d214b6e88"
          ],
          "failures": [],
          "pending": [],
          "skipped": [],
          "duration": 22730,
          "root": false,
          "rootEmpty": false,
          "_timeout": 2000
        }
      ],
      "passes": [],
      "failures": [],
      "pending": [],
      "skipped": [],
      "duration": 0,
      "root": true,
      "rootEmpty": true,
      "_timeout": 2000
    },
    {
      "uuid": "f84dd4ef-5ce8-4082-8c3c-194625798b42",
      "title": "",
      "fullFile": "cypress\\e2e\\automation-test-store\\inspect-item.js",
      "file": "cypress\\e2e\\automation-test-store\\inspect-item.js",
      "beforeHooks": [],
      "afterHooks": [],
      "tests": [],
      "suites": [
        {
          "uuid": "601e3da3-c827-439a-acea-16eab5fda1ac",
          "title": "Inspect Automation Test Store items using chain of commands",
          "fullFile": "",
          "file": "",
          "beforeHooks": [],
          "afterHooks": [],
          "tests": [
            {
              "title": "Click on the first item using item text",
              "fullTitle": "Inspect Automation Test Store items using chain of commands Click on the first item using item text",
              "timedOut": null,
              "duration": 12406,
              "state": "passed",
              "speed": "slow",
              "pass": true,
              "fail": false,
              "pending": false,
              "context": null,
              "code": "cy.visit(\"https://www.automationteststore.com/\"); //chain of commands \n// then() will store the text inside element and print it \ncy.get(\".prdocutname\").contains(\"Skinsheen Bronzer Stick\").click().then(function (itemHeaderText) {\n  console.log(\"Selected the following item \" + itemHeaderText.text());\n});",
              "err": {},
              "uuid": "377efae8-7e79-48a1-84a7-2d972b1fcc9b",
              "parentUUID": "601e3da3-c827-439a-acea-16eab5fda1ac",
              "isHook": false,
              "skipped": false
            }
          ],
          "suites": [],
          "passes": [
            "377efae8-7e79-48a1-84a7-2d972b1fcc9b"
          ],
          "failures": [],
          "pending": [],
          "skipped": [],
          "duration": 12406,
          "root": false,
          "rootEmpty": false,
          "_timeout": 2000
        }
      ],
      "passes": [],
      "failures": [],
      "pending": [],
      "skipped": [],
      "duration": 0,
      "root": true,
      "rootEmpty": true,
      "_timeout": 2000
    },
    {
      "uuid": "6c389bf2-6119-41fc-b4c2-ce27264b4cbd",
      "title": "",
      "fullFile": "cypress\\e2e\\automation-test-store\\iterate-over-elements.js",
      "file": "cypress\\e2e\\automation-test-store\\iterate-over-elements.js",
      "beforeHooks": [],
      "afterHooks": [],
      "tests": [],
      "suites": [
        {
          "uuid": "9d5cdb8e-4da1-4291-9282-1a063326df60",
          "title": "Iterate over elements",
          "fullFile": "",
          "file": "",
          "beforeHooks": [],
          "afterHooks": [],
          "tests": [
            {
              "title": "Log information of all hair care products",
              "fullTitle": "Iterate over elements Log information of all hair care products",
              "timedOut": null,
              "duration": 14402,
              "state": "passed",
              "speed": "slow",
              "pass": true,
              "fail": false,
              "pending": false,
              "context": null,
              "code": "cy.visit(\"https://www.automationteststore.com/\");\ncy.get(\"a[href*='product/category&path=']\").contains(\"Hair Care\").click(); //this code will get the list of elements and index numbers and assign to $el variable\ncy.get(\".fixed_wrapper .prdocutname\").each(($el, index, $list) => {\n  //and print all the  index number and text of the element\n  cy.log(\"Index: \" + index + \" : \" + $el.text());\n});",
              "err": {},
              "uuid": "d4094920-c07b-467d-b60e-0a8ef3de4e36",
              "parentUUID": "9d5cdb8e-4da1-4291-9282-1a063326df60",
              "isHook": false,
              "skipped": false
            },
            {
              "title": "Add specific product to besket",
              "fullTitle": "Iterate over elements Add specific product to besket",
              "timedOut": null,
              "duration": 9501,
              "state": "passed",
              "speed": "medium",
              "pass": true,
              "fail": false,
              "pending": false,
              "context": null,
              "code": "cy.visit(\"https://www.automationteststore.com/\");\ncy.get(\"a[href*='product/category&path=']\").contains(\"Hair Care\").click();\ncy.get(\".fixed_wrapper .prdocutname\").each(($el, index, $list) => {\n  if ($el.text().includes(\"Curls to straight Shampoo\")) {\n    //wrap has all the elements locator\n    cy.wrap($el).click();\n  }\n});",
              "err": {},
              "uuid": "f1f34050-f6da-4ce5-bf9a-b6e8767f0023",
              "parentUUID": "9d5cdb8e-4da1-4291-9282-1a063326df60",
              "isHook": false,
              "skipped": false
            }
          ],
          "suites": [],
          "passes": [
            "d4094920-c07b-467d-b60e-0a8ef3de4e36",
            "f1f34050-f6da-4ce5-bf9a-b6e8767f0023"
          ],
          "failures": [],
          "pending": [],
          "skipped": [],
          "duration": 23903,
          "root": false,
          "rootEmpty": false,
          "_timeout": 2000
        }
      ],
      "passes": [],
      "failures": [],
      "pending": [],
      "skipped": [],
      "duration": 0,
      "root": true,
      "rootEmpty": true,
      "_timeout": 2000
    },
    {
      "uuid": "77878c78-a3bc-491a-8e1c-8ed929eb13c0",
      "title": "",
      "fullFile": "cypress\\e2e\\automation-test-store\\variables-and-cy-command.js",
      "file": "cypress\\e2e\\automation-test-store\\variables-and-cy-command.js",
      "beforeHooks": [],
      "afterHooks": [],
      "tests": [],
      "suites": [
        {
          "uuid": "c389e221-4b6c-4968-8055-10077cfa5b72",
          "title": "Verifying variables, cypress commands and jquery commands",
          "fullFile": "",
          "file": "",
          "beforeHooks": [],
          "afterHooks": [],
          "tests": [
            {
              "title": "Validate properties of the Contact Us Page",
              "fullTitle": "Verifying variables, cypress commands and jquery commands Validate properties of the Contact Us Page",
              "timedOut": null,
              "duration": 7044,
              "state": "passed",
              "speed": "medium",
              "pass": true,
              "fail": false,
              "pending": false,
              "context": null,
              "code": "cy.visit(\"https://www.automationteststore.com/index.php?rt=content/contact\"); //Uses cypress commands and chaning\n//below contains() get 2 parameter 1 is element 2 is text and validate the text \ncy.contains(\"#ContactUsFrm\", \"Contact Us Form\").find(\"#field_11\").should(\"contain\", \"First name\"); //JQuery Approach then() is promise => is call back \ncy.contains(\"#ContactUsFrm\", \"Contact Us Form\").then(text => {\n  const firstNameText = text.find(\"#field_11\").text();\n  expect(firstNameText).to.contain(\"First name\"); //Embedded commands then(fnText brings us t the text of the element)\n  cy.get(\"#field_11\").then(fnText => {\n    cy.log(fnText.text()); //this only print the element text not the text of the element\n    cy.log(fnText);\n  });\n});",
              "err": {},
              "uuid": "1d28dcf5-9714-4a8c-b433-d8bc24467e50",
              "parentUUID": "c389e221-4b6c-4968-8055-10077cfa5b72",
              "isHook": false,
              "skipped": false
            }
          ],
          "suites": [],
          "passes": [
            "1d28dcf5-9714-4a8c-b433-d8bc24467e50"
          ],
          "failures": [],
          "pending": [],
          "skipped": [],
          "duration": 7044,
          "root": false,
          "rootEmpty": false,
          "_timeout": 2000
        }
      ],
      "passes": [],
      "failures": [],
      "pending": [],
      "skipped": [],
      "duration": 0,
      "root": true,
      "rootEmpty": true,
      "_timeout": 2000
    }
  ],
  "meta": {
    "mocha": {
      "version": "7.0.1"
    },
    "mochawesome": {
      "options": {
        "quiet": false,
        "reportFilename": "mochawesome",
        "saveHtml": false,
        "saveJson": true,
        "consoleReporter": "spec",
        "useInlineDiffs": false,
        "code": true
      },
      "version": "7.1.3"
    },
    "marge": {
      "options": {
        "id": "default",
        "reportDir": "cypress/results/mochawesome",
        "quite": true,
        "overwrite": false,
        "html": false,
        "json": true
      },
      "version": "6.2.0"
    }
  }
}